<?xml version="1.0" encoding="UTF-8"?>
<testsuite name="Matrix" tests="4" skipped="0" failures="0" errors="0" timestamp="2023-01-16T08:44:02" hostname="YASSIN" time="0.847">
  <properties/>
  <testcase name="Determinant" classname="Matrix" time="0.813"/>
  <testcase name="Transpose" classname="Matrix" time="0.013"/>
  <testcase name="Inverse" classname="Matrix" time="0.011"/>
  <testcase name="Cofactor" classname="Matrix" time="0.008"/>
  <system-out><![CDATA[]]></system-out>
  <system-err><![CDATA[]]></system-err>
</testsuite>
